MireaProject/app/build/intermediates/manifest_merge_blame_file/debug/processDebugMainManifest/manifest-merger-blame-debug-report.txt
1<?xml version="1.0" encoding="utf-8"?>
2<manifest xmlns:android="http://schemas.android.com/apk/res/android"
3    package="ru.mirea.elkinasa.mireaproject"
4    android:versionCode="1"
5    android:versionName="1.0" >
6
7    <uses-sdk
7-->INJECTED
8        android:minSdkVersion="26"
8-->INJECTED
9        android:targetSdkVersion="36" />
9-->INJECTED
10
11    <uses-feature
11-->src\main\AndroidManifest.xml:5:5-7:36
12        android:name="android.hardware.camera"
12-->src\main\AndroidManifest.xml:6:9-47
13        android:required="false" />
13-->src\main\AndroidManifest.xml:7:9-33
14
15    <uses-permission android:name="android.permission.CAMERA" />
15-->src\main\AndroidManifest.xml:9:5-65
15-->src\main\AndroidManifest.xml:9:22-62
16    <uses-permission android:name="android.permission.RECORD_AUDIO" />
16-->src\main\AndroidManifest.xml:10:5-71
16-->src\main\AndroidManifest.xml:10:22-68
17    <uses-permission android:name="android.permission.READ_EXTERNAL_STORAGE" />
17-->src\main\AndroidManifest.xml:11:5-80
17-->src\main\AndroidManifest.xml:11:22-77
18    <uses-permission android:name="android.permission.INTERNET" />
18-->src\main\AndroidManifest.xml:12:5-67
18-->src\main\AndroidManifest.xml:12:22-64
19    <uses-permission android:name="android.permission.POST_NOTIFICATIONS" />
19-->src\main\AndroidManifest.xml:13:5-77
19-->src\main\AndroidManifest.xml:13:22-74
20    <uses-permission android:name="android.permission.ACCESS_NETWORK_STATE" /> <!-- определение местонахождения устройства -->
20-->src\main\AndroidManifest.xml:14:5-79
20-->src\main\AndroidManifest.xml:14:22-76
21    <uses-permission android:name="android.permission.ACCESS_FINE_LOCATION" />
21-->src\main\AndroidManifest.xml:15:5-79
21-->src\main\AndroidManifest.xml:15:22-76
22    <uses-permission android:name="android.permission.ACCESS_COARSE_LOCATION" />
22-->src\main\AndroidManifest.xml:16:5-81
22-->src\main\AndroidManifest.xml:16:22-78
23    <uses-permission android:name="android.permission.ACCESS_BACKGROUND_LOCATION" /> <!-- хранение скаченных карт -->
23-->src\main\AndroidManifest.xml:17:5-85
23-->src\main\AndroidManifest.xml:17:22-82
24    <uses-permission
24-->src\main\AndroidManifest.xml:18:5-20:38
25        android:name="android.permission.WRITE_EXTERNAL_STORAGE"
25-->src\main\AndroidManifest.xml:19:9-65
26        android:maxSdkVersion="32" />
26-->src\main\AndroidManifest.xml:20:9-35
27    <uses-permission android:name="com.google.android.providers.gsf.permission.READ_GSERVICES" />
27-->[com.google.android.recaptcha:recaptcha:18.6.1] AndroidManifest.xml:9:5-98
27-->[com.google.android.recaptcha:recaptcha:18.6.1] AndroidManifest.xml:9:22-95
28    <uses-permission android:name="android.permission.ACCESS_WIFI_STATE" />
28-->[com.yandex.android:maps.mobile:4.3.1-full] AndroidManifest.xml:15:5-76
28-->[com.yandex.android:maps.mobile:4.3.1-full] AndroidManifest.xml:15:22-73
29    <uses-permission android:name="android.permission.CHANGE_WIFI_STATE" />
29-->[com.yandex.android:maps.mobile:4.3.1-full] AndroidManifest.xml:16:5-76
29-->[com.yandex.android:maps.mobile:4.3.1-full] AndroidManifest.xml:16:22-73
30    <uses-permission android:name="android.permission.WAKE_LOCK" />
30-->[com.yandex.android:maps.mobile:4.3.1-full] AndroidManifest.xml:21:5-68
30-->[com.yandex.android:maps.mobile:4.3.1-full] AndroidManifest.xml:21:22-65
31    <uses-permission android:name="android.permission.RECEIVE_BOOT_COMPLETED" />
31-->[com.yandex.android:maps.mobile:4.3.1-full] AndroidManifest.xml:22:5-81
31-->[com.yandex.android:maps.mobile:4.3.1-full] AndroidManifest.xml:22:22-78
32    <uses-permission android:name="android.permission.FOREGROUND_SERVICE" />
32-->[androidx.work:work-runtime:2.8.1] AndroidManifest.xml:26:5-77
32-->[androidx.work:work-runtime:2.8.1] AndroidManifest.xml:26:22-74
33
34    <permission
34-->[androidx.core:core:1.18.0] AndroidManifest.xml:22:5-24:47
35        android:name="ru.mirea.elkinasa.mireaproject.DYNAMIC_RECEIVER_NOT_EXPORTED_PERMISSION"
35-->[androidx.core:core:1.18.0] AndroidManifest.xml:23:9-81
36        android:protectionLevel="signature" />
36-->[androidx.core:core:1.18.0] AndroidManifest.xml:24:9-44
37
38    <uses-permission android:name="ru.mirea.elkinasa.mireaproject.DYNAMIC_RECEIVER_NOT_EXPORTED_PERMISSION" />
38-->[androidx.core:core:1.18.0] AndroidManifest.xml:26:5-97
38-->[androidx.core:core:1.18.0] AndroidManifest.xml:26:22-94
39
40    <application
40-->src\main\AndroidManifest.xml:22:5-57:19
41        android:name="ru.mirea.elkinasa.mireaproject.App"
41-->src\main\AndroidManifest.xml:23:9-28
42        android:allowBackup="true"
42-->src\main\AndroidManifest.xml:24:9-35
43        android:appComponentFactory="androidx.core.app.CoreComponentFactory"
43-->[androidx.core:core:1.18.0] AndroidManifest.xml:28:18-86
44        android:dataExtractionRules="@xml/data_extraction_rules"
44-->src\main\AndroidManifest.xml:25:9-65
45        android:debuggable="true"
46        android:extractNativeLibs="false"
46-->INJECTED
47        android:fullBackupContent="@xml/backup_rules"
47-->src\main\AndroidManifest.xml:26:9-54
48        android:icon="@mipmap/ic_launcher"
48-->src\main\AndroidManifest.xml:27:9-43
49        android:label="@string/app_name"
49-->src\main\AndroidManifest.xml:28:9-41
50        android:roundIcon="@mipmap/ic_launcher_round"
50-->src\main\AndroidManifest.xml:29:9-54
51        android:supportsRtl="true"
51-->src\main\AndroidManifest.xml:30:9-35
52        android:testOnly="true"
53        android:theme="@style/Theme.MireaProject" >
53-->src\main\AndroidManifest.xml:31:9-50
54        <activity
54-->src\main\AndroidManifest.xml:32:9-34:40
55            android:name="ru.mirea.elkinasa.mireaproject.MapActivity"
55-->src\main\AndroidManifest.xml:33:13-40
56            android:exported="false" />
56-->src\main\AndroidManifest.xml:34:13-37
57        <activity
57-->src\main\AndroidManifest.xml:35:9-37:40
58            android:name="ru.mirea.elkinasa.mireaproject.MainActivity"
58-->src\main\AndroidManifest.xml:36:13-41
59            android:exported="false" />
59-->src\main\AndroidManifest.xml:37:13-37
60        <activity
60-->src\main\AndroidManifest.xml:38:9-46:20
61            android:name="ru.mirea.elkinasa.mireaproject.LoginActivity"
61-->src\main\AndroidManifest.xml:39:13-42
62            android:exported="true" >
62-->src\main\AndroidManifest.xml:40:13-36
63            <intent-filter>
63-->src\main\AndroidManifest.xml:41:13-45:29
64                <action android:name="android.intent.action.MAIN" />
64-->src\main\AndroidManifest.xml:42:17-69
64-->src\main\AndroidManifest.xml:42:25-66
65
66                <category android:name="android.intent.category.LAUNCHER" />
66-->src\main\AndroidManifest.xml:44:17-77
66-->src\main\AndroidManifest.xml:44:27-74
67            </intent-filter>
68        </activity>
69
70        <provider
70-->INJECTED
71            android:name="androidx.core.content.FileProvider"
71-->src\main\AndroidManifest.xml:49:13-62
72            android:authorities="ru.mirea.elkinasa.mireaproject.fileprovider"
72-->INJECTED
73            android:exported="false"
73-->src\main\AndroidManifest.xml:51:13-37
74            android:grantUriPermissions="true" >
74-->src\main\AndroidManifest.xml:52:13-47
75            <meta-data
75-->src\main\AndroidManifest.xml:53:13-55:49
76                android:name="android.support.FILE_PROVIDER_PATHS"
76-->src\main\AndroidManifest.xml:54:17-67
77                android:resource="@xml/paths" />
77-->src\main\AndroidManifest.xml:55:17-46
78        </provider>
79
80        <activity
80-->[com.google.firebase:firebase-auth:24.1.0] AndroidManifest.xml:29:9-46:20
81            android:name="com.google.firebase.auth.internal.GenericIdpActivity"
81-->[com.google.firebase:firebase-auth:24.1.0] AndroidManifest.xml:30:13-80
82            android:excludeFromRecents="true"
82-->[com.google.firebase:firebase-auth:24.1.0] AndroidManifest.xml:31:13-46
83            android:exported="true"
83-->[com.google.firebase:firebase-auth:24.1.0] AndroidManifest.xml:32:13-36
84            android:launchMode="singleTask"
84-->[com.google.firebase:firebase-auth:24.1.0] AndroidManifest.xml:33:13-44
85            android:theme="@android:style/Theme.Translucent.NoTitleBar" >
85-->[com.google.firebase:firebase-auth:24.1.0] AndroidManifest.xml:34:13-72
86            <intent-filter>
86-->[com.google.firebase:firebase-auth:24.1.0] AndroidManifest.xml:35:13-45:29
87                <action android:name="android.intent.action.VIEW" />
87-->[com.google.firebase:firebase-auth:24.1.0] AndroidManifest.xml:36:17-69
87-->[com.google.firebase:firebase-auth:24.1.0] AndroidManifest.xml:36:25-66
88
89                <category android:name="android.intent.category.DEFAULT" />
89-->[com.google.firebase:firebase-auth:24.1.0] AndroidManifest.xml:38:17-76
89-->[com.google.firebase:firebase-auth:24.1.0] AndroidManifest.xml:38:27-73
90                <category android:name="android.intent.category.BROWSABLE" />
90-->[com.google.firebase:firebase-auth:24.1.0] AndroidManifest.xml:39:17-78
90-->[com.google.firebase:firebase-auth:24.1.0] AndroidManifest.xml:39:27-75
91
92                <data
92-->[com.google.firebase:firebase-auth:24.1.0] AndroidManifest.xml:41:17-44:51
93                    android:host="firebase.auth"
93-->[com.google.firebase:firebase-auth:24.1.0] AndroidManifest.xml:42:21-49
94                    android:path="/"
94-->[com.google.firebase:firebase-auth:24.1.0] AndroidManifest.xml:43:21-37
95                    android:scheme="genericidp" />
95-->[com.google.firebase:firebase-auth:24.1.0] AndroidManifest.xml:44:21-48
96            </intent-filter>
97        </activity>
98        <activity
98-->[com.google.firebase:firebase-auth:24.1.0] AndroidManifest.xml:47:9-64:20
99            android:name="com.google.firebase.auth.internal.RecaptchaActivity"
99-->[com.google.firebase:firebase-auth:24.1.0] AndroidManifest.xml:48:13-79
100            android:excludeFromRecents="true"
100-->[com.google.firebase:firebase-auth:24.1.0] AndroidManifest.xml:49:13-46
101            android:exported="true"
101-->[com.google.firebase:firebase-auth:24.1.0] AndroidManifest.xml:50:13-36
102            android:launchMode="singleTask"
102-->[com.google.firebase:firebase-auth:24.1.0] AndroidManifest.xml:51:13-44
103            android:theme="@android:style/Theme.Translucent.NoTitleBar" >
103-->[com.google.firebase:firebase-auth:24.1.0] AndroidManifest.xml:52:13-72
104            <intent-filter>
104-->[com.google.firebase:firebase-auth:24.1.0] AndroidManifest.xml:53:13-63:29
105                <action android:name="android.intent.action.VIEW" />
105-->[com.google.firebase:firebase-auth:24.1.0] AndroidManifest.xml:36:17-69
105-->[com.google.firebase:firebase-auth:24.1.0] AndroidManifest.xml:36:25-66
106
107                <category android:name="android.intent.category.DEFAULT" />
107-->[com.google.firebase:firebase-auth:24.1.0] AndroidManifest.xml:38:17-76
107-->[com.google.firebase:firebase-auth:24.1.0] AndroidManifest.xml:38:27-73
108                <category android:name="android.intent.category.BROWSABLE" />
108-->[com.google.firebase:firebase-auth:24.1.0] AndroidManifest.xml:39:17-78
108-->[com.google.firebase:firebase-auth:24.1.0] AndroidManifest.xml:39:27-75
109
110                <data
110-->[com.google.firebase:firebase-auth:24.1.0] AndroidManifest.xml:41:17-44:51
111                    android:host="firebase.auth"
111-->[com.google.firebase:firebase-auth:24.1.0] AndroidManifest.xml:42:21-49
112                    android:path="/"
112-->[com.google.firebase:firebase-auth:24.1.0] AndroidManifest.xml:43:21-37
113                    android:scheme="recaptcha" />
113-->[com.google.firebase:firebase-auth:24.1.0] AndroidManifest.xml:44:21-48
114            </intent-filter>
115        </activity>
116
117        <service
117-->[com.google.firebase:firebase-auth:24.1.0] AndroidManifest.xml:66:9-72:19
118            android:name="com.google.firebase.components.ComponentDiscoveryService"
118-->[com.google.firebase:firebase-auth:24.1.0] AndroidManifest.xml:67:13-84
119            android:directBootAware="true"
119-->[com.google.firebase:firebase-common:21.0.0] AndroidManifest.xml:32:13-43
120            android:exported="false" >
120-->[com.google.firebase:firebase-auth:24.1.0] AndroidManifest.xml:68:13-37
121            <meta-data
121-->[com.google.firebase:firebase-auth:24.1.0] AndroidManifest.xml:69:13-71:85
122                android:name="com.google.firebase.components:com.google.firebase.auth.FirebaseAuthRegistrar"
122-->[com.google.firebase:firebase-auth:24.1.0] AndroidManifest.xml:70:17-109
123                android:value="com.google.firebase.components.ComponentRegistrar" />
123-->[com.google.firebase:firebase-auth:24.1.0] AndroidManifest.xml:71:17-82
124            <meta-data
124-->[com.google.firebase:firebase-common:21.0.0] AndroidManifest.xml:35:13-37:85
125                android:name="com.google.firebase.components:com.google.firebase.FirebaseCommonKtxRegistrar"
125-->[com.google.firebase:firebase-common:21.0.0] AndroidManifest.xml:36:17-109
126                android:value="com.google.firebase.components.ComponentRegistrar" />
126-->[com.google.firebase:firebase-common:21.0.0] AndroidManifest.xml:37:17-82
127        </service>
128        <service
128-->[androidx.credentials:credentials-play-services-auth:1.2.0-rc01] AndroidManifest.xml:24:9-32:19
129            android:name="androidx.credentials.playservices.CredentialProviderMetadataHolder"
129-->[androidx.credentials:credentials-play-services-auth:1.2.0-rc01] AndroidManifest.xml:25:13-94
130            android:enabled="true"
130-->[androidx.credentials:credentials-play-services-auth:1.2.0-rc01] AndroidManifest.xml:26:13-35
131            android:exported="false" >
131-->[androidx.credentials:credentials-play-services-auth:1.2.0-rc01] AndroidManifest.xml:27:13-37
132            <meta-data
132-->[androidx.credentials:credentials-play-services-auth:1.2.0-rc01] AndroidManifest.xml:29:13-31:104
133                android:name="androidx.credentials.CREDENTIAL_PROVIDER_KEY"
133-->[androidx.credentials:credentials-play-services-auth:1.2.0-rc01] AndroidManifest.xml:30:17-76
134                android:value="androidx.credentials.playservices.CredentialProviderPlayServicesImpl" />
134-->[androidx.credentials:credentials-play-services-auth:1.2.0-rc01] AndroidManifest.xml:31:17-101
135        </service>
136
137        <activity
137-->[androidx.credentials:credentials-play-services-auth:1.2.0-rc01] AndroidManifest.xml:34:9-41:20
138            android:name="androidx.credentials.playservices.HiddenActivity"
138-->[androidx.credentials:credentials-play-services-auth:1.2.0-rc01] AndroidManifest.xml:35:13-76
139            android:configChanges="orientation|screenSize|screenLayout|keyboardHidden"
139-->[androidx.credentials:credentials-play-services-auth:1.2.0-rc01] AndroidManifest.xml:36:13-87
140            android:enabled="true"
140-->[androidx.credentials:credentials-play-services-auth:1.2.0-rc01] AndroidManifest.xml:37:13-35
141            android:exported="false"
141-->[androidx.credentials:credentials-play-services-auth:1.2.0-rc01] AndroidManifest.xml:38:13-37
142            android:fitsSystemWindows="true"
142-->[androidx.credentials:credentials-play-services-auth:1.2.0-rc01] AndroidManifest.xml:39:13-45
143            android:theme="@style/Theme.Hidden" >
143-->[androidx.credentials:credentials-play-services-auth:1.2.0-rc01] AndroidManifest.xml:40:13-48
144        </activity>
145        <activity
145-->[com.google.android.gms:play-services-auth:20.7.0] AndroidManifest.xml:23:9-27:75
146            android:name="com.google.android.gms.auth.api.signin.internal.SignInHubActivity"
146-->[com.google.android.gms:play-services-auth:20.7.0] AndroidManifest.xml:24:13-93
147            android:excludeFromRecents="true"
147-->[com.google.android.gms:play-services-auth:20.7.0] AndroidManifest.xml:25:13-46
148            android:exported="false"
148-->[com.google.android.gms:play-services-auth:20.7.0] AndroidManifest.xml:26:13-37
149            android:theme="@android:style/Theme.Translucent.NoTitleBar" />
149-->[com.google.android.gms:play-services-auth:20.7.0] AndroidManifest.xml:27:13-72
150        <!--
151            Service handling Google Sign-In user revocation. For apps that do not integrate with
152            Google Sign-In, this service will never be started.
153        -->
154        <service
154-->[com.google.android.gms:play-services-auth:20.7.0] AndroidManifest.xml:33:9-37:51
155            android:name="com.google.android.gms.auth.api.signin.RevocationBoundService"
155-->[com.google.android.gms:play-services-auth:20.7.0] AndroidManifest.xml:34:13-89
156            android:exported="true"
156-->[com.google.android.gms:play-services-auth:20.7.0] AndroidManifest.xml:35:13-36
157            android:permission="com.google.android.gms.auth.api.signin.permission.REVOCATION_NOTIFICATION"
157-->[com.google.android.gms:play-services-auth:20.7.0] AndroidManifest.xml:36:13-107
158            android:visibleToInstantApps="true" />
158-->[com.google.android.gms:play-services-auth:20.7.0] AndroidManifest.xml:37:13-48
159
160        <provider
160-->[com.google.firebase:firebase-common:21.0.0] AndroidManifest.xml:23:9-28:39
161            android:name="com.google.firebase.provider.FirebaseInitProvider"
161-->[com.google.firebase:firebase-common:21.0.0] AndroidManifest.xml:24:13-77
162            android:authorities="ru.mirea.elkinasa.mireaproject.firebaseinitprovider"
162-->[com.google.firebase:firebase-common:21.0.0] AndroidManifest.xml:25:13-72
163            android:directBootAware="true"
163-->[com.google.firebase:firebase-common:21.0.0] AndroidManifest.xml:26:13-43
164            android:exported="false"
164-->[com.google.firebase:firebase-common:21.0.0] AndroidManifest.xml:27:13-37
165            android:initOrder="100" />
165-->[com.google.firebase:firebase-common:21.0.0] AndroidManifest.xml:28:13-36
166
167        <meta-data
167-->[com.yandex.android:maps.mobile:4.3.1-full] AndroidManifest.xml:25:9-27:38
168            android:name="yandex.maps.runtime.stl.linkage"
168-->[com.yandex.android:maps.mobile:4.3.1-full] AndroidManifest.xml:26:13-59
169            android:value="static" />
169-->[com.yandex.android:maps.mobile:4.3.1-full] AndroidManifest.xml:27:13-35
170
171        <service
171-->[com.yandex.android:maps.mobile:4.3.1-full] AndroidManifest.xml:29:9-32:72
172            android:name="com.evernote.android.job.patched.internal.v21.PlatformJobService"
172-->[com.yandex.android:maps.mobile:4.3.1-full] AndroidManifest.xml:30:13-92
173            android:exported="false"
173-->[com.yandex.android:maps.mobile:4.3.1-full] AndroidManifest.xml:31:13-37
174            android:permission="android.permission.BIND_JOB_SERVICE" />
174-->[com.yandex.android:maps.mobile:4.3.1-full] AndroidManifest.xml:32:13-69
175        <service
175-->[com.yandex.android:maps.mobile:4.3.1-full] AndroidManifest.xml:33:9-36:72
176            android:name="com.evernote.android.job.patched.internal.v14.PlatformAlarmService"
176-->[com.yandex.android:maps.mobile:4.3.1-full] AndroidManifest.xml:34:13-94
177            android:exported="false"
177-->[com.yandex.android:maps.mobile:4.3.1-full] AndroidManifest.xml:35:13-37
178            android:permission="android.permission.BIND_JOB_SERVICE" />
178-->[com.yandex.android:maps.mobile:4.3.1-full] AndroidManifest.xml:36:13-69
179        <service
179-->[com.yandex.android:maps.mobile:4.3.1-full] AndroidManifest.xml:37:9-39:40
180            android:name="com.evernote.android.job.patched.internal.v14.PlatformAlarmServiceExact"
180-->[com.yandex.android:maps.mobile:4.3.1-full] AndroidManifest.xml:38:13-99
181            android:exported="false" />
181-->[com.yandex.android:maps.mobile:4.3.1-full] AndroidManifest.xml:39:13-37
182
183        <receiver
183-->[com.yandex.android:maps.mobile:4.3.1-full] AndroidManifest.xml:41:9-50:20
184            android:name="com.evernote.android.job.patched.internal.v14.PlatformAlarmReceiver"
184-->[com.yandex.android:maps.mobile:4.3.1-full] AndroidManifest.xml:42:13-95
185            android:exported="false" >
185-->[com.yandex.android:maps.mobile:4.3.1-full] AndroidManifest.xml:43:13-37
186            <intent-filter>
186-->[com.yandex.android:maps.mobile:4.3.1-full] AndroidManifest.xml:44:13-49:29
187
188                <!-- Keep the filter for legacy intents -->
189                <action android:name="com.evernote.android.job.patched.internal.v14.RUN_JOB" />
189-->[com.yandex.android:maps.mobile:4.3.1-full] AndroidManifest.xml:47:17-96
189-->[com.yandex.android:maps.mobile:4.3.1-full] AndroidManifest.xml:47:25-93
190                <action android:name="net.vrallev.android.job.v14.RUN_JOB" />
190-->[com.yandex.android:maps.mobile:4.3.1-full] AndroidManifest.xml:48:17-78
190-->[com.yandex.android:maps.mobile:4.3.1-full] AndroidManifest.xml:48:25-75
191            </intent-filter>
192        </receiver>
193        <receiver
193-->[com.yandex.android:maps.mobile:4.3.1-full] AndroidManifest.xml:51:9-60:20
194            android:name="com.evernote.android.job.patched.internal.JobBootReceiver"
194-->[com.yandex.android:maps.mobile:4.3.1-full] AndroidManifest.xml:52:13-85
195            android:exported="false" >
195-->[com.yandex.android:maps.mobile:4.3.1-full] AndroidManifest.xml:53:13-37
196            <intent-filter>
196-->[com.yandex.android:maps.mobile:4.3.1-full] AndroidManifest.xml:54:13-59:29
197                <action android:name="android.intent.action.BOOT_COMPLETED" />
197-->[com.yandex.android:maps.mobile:4.3.1-full] AndroidManifest.xml:55:17-79
197-->[com.yandex.android:maps.mobile:4.3.1-full] AndroidManifest.xml:55:25-76
198                <action android:name="android.intent.action.QUICKBOOT_POWERON" />
198-->[com.yandex.android:maps.mobile:4.3.1-full] AndroidManifest.xml:56:17-82
198-->[com.yandex.android:maps.mobile:4.3.1-full] AndroidManifest.xml:56:25-79
199                <action android:name="com.htc.intent.action.QUICKBOOT_POWERON" />
199-->[com.yandex.android:maps.mobile:4.3.1-full] AndroidManifest.xml:57:17-82
199-->[com.yandex.android:maps.mobile:4.3.1-full] AndroidManifest.xml:57:25-79
200                <action android:name="android.intent.action.MY_PACKAGE_REPLACED" />
200-->[com.yandex.android:maps.mobile:4.3.1-full] AndroidManifest.xml:58:17-84
200-->[com.yandex.android:maps.mobile:4.3.1-full] AndroidManifest.xml:58:25-81
201            </intent-filter>
202        </receiver>
203
204        <service
204-->[com.yandex.android:maps.mobile:4.3.1-full] AndroidManifest.xml:62:9-65:72
205            android:name="com.evernote.android.job.patched.internal.JobRescheduleService"
205-->[com.yandex.android:maps.mobile:4.3.1-full] AndroidManifest.xml:63:13-90
206            android:exported="false"
206-->[com.yandex.android:maps.mobile:4.3.1-full] AndroidManifest.xml:64:13-37
207            android:permission="android.permission.BIND_JOB_SERVICE" />
207-->[com.yandex.android:maps.mobile:4.3.1-full] AndroidManifest.xml:65:13-69
208        <service
208-->[com.yandex.android:maps.mobile:4.3.1-full] AndroidManifest.xml:66:9-69:72
209            android:name="com.yandex.runtime.connectivity.internal.ConnectivityService"
209-->[com.yandex.android:maps.mobile:4.3.1-full] AndroidManifest.xml:67:13-88
210            android:exported="true"
210-->[com.yandex.android:maps.mobile:4.3.1-full] AndroidManifest.xml:68:13-36
211            android:permission="android.permission.BIND_JOB_SERVICE" />
211-->[com.yandex.android:maps.mobile:4.3.1-full] AndroidManifest.xml:69:13-69
212
213        <activity
213-->[com.google.android.gms:play-services-base:18.0.1] AndroidManifest.xml:20:9-22:45
214            android:name="com.google.android.gms.common.api.GoogleApiActivity"
214-->[com.google.android.gms:play-services-base:18.0.1] AndroidManifest.xml:20:19-85
215            android:exported="false"
215-->[com.google.android.gms:play-services-base:18.0.1] AndroidManifest.xml:22:19-43
216            android:theme="@android:style/Theme.Translucent.NoTitleBar" />
216-->[com.google.android.gms:play-services-base:18.0.1] AndroidManifest.xml:21:19-78
217
218        <provider
218-->[androidx.work:work-runtime:2.8.1] AndroidManifest.xml:29:9-37:20
219            android:name="androidx.startup.InitializationProvider"
219-->[androidx.work:work-runtime:2.8.1] AndroidManifest.xml:30:13-67
220            android:authorities="ru.mirea.elkinasa.mireaproject.androidx-startup"
220-->[androidx.work:work-runtime:2.8.1] AndroidManifest.xml:31:13-68
221            android:exported="false" >
221-->[androidx.work:work-runtime:2.8.1] AndroidManifest.xml:32:13-37
222            <meta-data
222-->[androidx.work:work-runtime:2.8.1] AndroidManifest.xml:34:13-36:52
223                android:name="androidx.work.WorkManagerInitializer"
223-->[androidx.work:work-runtime:2.8.1] AndroidManifest.xml:35:17-68
224                android:value="androidx.startup" />
224-->[androidx.work:work-runtime:2.8.1] AndroidManifest.xml:36:17-49
225            <meta-data
225-->[androidx.emoji2:emoji2:1.3.0] AndroidManifest.xml:29:13-31:52
226                android:name="androidx.emoji2.text.EmojiCompatInitializer"
226-->[androidx.emoji2:emoji2:1.3.0] AndroidManifest.xml:30:17-75
227                android:value="androidx.startup" />
227-->[androidx.emoji2:emoji2:1.3.0] AndroidManifest.xml:31:17-49
228            <meta-data
228-->[androidx.lifecycle:lifecycle-process:2.6.2] AndroidManifest.xml:29:13-31:52
229                android:name="androidx.lifecycle.ProcessLifecycleInitializer"
229-->[androidx.lifecycle:lifecycle-process:2.6.2] AndroidManifest.xml:30:17-78
230                android:value="androidx.startup" />
230-->[androidx.lifecycle:lifecycle-process:2.6.2] AndroidManifest.xml:31:17-49
231            <meta-data
231-->[androidx.profileinstaller:profileinstaller:1.4.0] AndroidManifest.xml:29:13-31:52
232                android:name="androidx.profileinstaller.ProfileInstallerInitializer"
232-->[androidx.profileinstaller:profileinstaller:1.4.0] AndroidManifest.xml:30:17-85
233                android:value="androidx.startup" />
233-->[androidx.profileinstaller:profileinstaller:1.4.0] AndroidManifest.xml:31:17-49
234        </provider>
235
236        <service
236-->[androidx.work:work-runtime:2.8.1] AndroidManifest.xml:39:9-45:35
237            android:name="androidx.work.impl.background.systemalarm.SystemAlarmService"
237-->[androidx.work:work-runtime:2.8.1] AndroidManifest.xml:40:13-88
238            android:directBootAware="false"
238-->[androidx.work:work-runtime:2.8.1] AndroidManifest.xml:41:13-44
239            android:enabled="@bool/enable_system_alarm_service_default"
239-->[androidx.work:work-runtime:2.8.1] AndroidManifest.xml:42:13-72
240            android:exported="false" />
240-->[androidx.work:work-runtime:2.8.1] AndroidManifest.xml:43:13-37
241        <service
241-->[androidx.work:work-runtime:2.8.1] AndroidManifest.xml:46:9-52:35
242            android:name="androidx.work.impl.background.systemjob.SystemJobService"
242-->[androidx.work:work-runtime:2.8.1] AndroidManifest.xml:47:13-84
243            android:directBootAware="false"
243-->[androidx.work:work-runtime:2.8.1] AndroidManifest.xml:48:13-44
244            android:enabled="@bool/enable_system_job_service_default"
244-->[androidx.work:work-runtime:2.8.1] AndroidManifest.xml:49:13-70
245            android:exported="true"
245-->[androidx.work:work-runtime:2.8.1] AndroidManifest.xml:50:13-36
246            android:permission="android.permission.BIND_JOB_SERVICE" />
246-->[androidx.work:work-runtime:2.8.1] AndroidManifest.xml:51:13-69
247        <service
247-->[androidx.work:work-runtime:2.8.1] AndroidManifest.xml:53:9-59:35
248            android:name="androidx.work.impl.foreground.SystemForegroundService"
248-->[androidx.work:work-runtime:2.8.1] AndroidManifest.xml:54:13-81
249            android:directBootAware="false"
249-->[androidx.work:work-runtime:2.8.1] AndroidManifest.xml:55:13-44
250            android:enabled="@bool/enable_system_foreground_service_default"
250-->[androidx.work:work-runtime:2.8.1] AndroidManifest.xml:56:13-77
251            android:exported="false" />
251-->[androidx.work:work-runtime:2.8.1] AndroidManifest.xml:57:13-37
252
253        <receiver
253-->[androidx.work:work-runtime:2.8.1] AndroidManifest.xml:61:9-66:35
254            android:name="androidx.work.impl.utils.ForceStopRunnable$BroadcastReceiver"
254-->[androidx.work:work-runtime:2.8.1] AndroidManifest.xml:62:13-88
255            android:directBootAware="false"
255-->[androidx.work:work-runtime:2.8.1] AndroidManifest.xml:63:13-44
256            android:enabled="true"
256-->[androidx.work:work-runtime:2.8.1] AndroidManifest.xml:64:13-35
257            android:exported="false" />
257-->[androidx.work:work-runtime:2.8.1] AndroidManifest.xml:65:13-37
258        <receiver
258-->[androidx.work:work-runtime:2.8.1] AndroidManifest.xml:67:9-77:20
259            android:name="androidx.work.impl.background.systemalarm.ConstraintProxy$BatteryChargingProxy"
259-->[androidx.work:work-runtime:2.8.1] AndroidManifest.xml:68:13-106
260            android:directBootAware="false"
260-->[androidx.work:work-runtime:2.8.1] AndroidManifest.xml:69:13-44
261            android:enabled="false"
261-->[androidx.work:work-runtime:2.8.1] AndroidManifest.xml:70:13-36
262            android:exported="false" >
262-->[androidx.work:work-runtime:2.8.1] AndroidManifest.xml:71:13-37
263            <intent-filter>
263-->[androidx.work:work-runtime:2.8.1] AndroidManifest.xml:73:13-76:29
264                <action android:name="android.intent.action.ACTION_POWER_CONNECTED" />
264-->[androidx.work:work-runtime:2.8.1] AndroidManifest.xml:74:17-87
264-->[androidx.work:work-runtime:2.8.1] AndroidManifest.xml:74:25-84
265                <action android:name="android.intent.action.ACTION_POWER_DISCONNECTED" />
265-->[androidx.work:work-runtime:2.8.1] AndroidManifest.xml:75:17-90